[debug] [2024-11-26T08:00:49.744Z] ----------------------------------------------------------------------
[debug] [2024-11-26T08:00:49.748Z] Command:       C:\Program Files\nodejs\node.exe C:\Users\Chanmin\AppData\Roaming\npm\node_modules\firebase-tools\lib\bin\firebase.js init hosting
[debug] [2024-11-26T08:00:49.748Z] CLI Version:   13.27.0
[debug] [2024-11-26T08:00:49.748Z] Platform:      win32
[debug] [2024-11-26T08:00:49.749Z] Node Version:  v22.11.0
[debug] [2024-11-26T08:00:49.749Z] Time:          Tue Nov 26 2024 01:00:49 GMT-0700 (Mountain Standard Time)
[debug] [2024-11-26T08:00:49.750Z] ----------------------------------------------------------------------
[debug] 
[debug] [2024-11-26T08:00:49.848Z] > command requires scopes: ["email","openid","https://www.googleapis.com/auth/cloudplatformprojects.readonly","https://www.googleapis.com/auth/firebase","https://www.googleapis.com/auth/cloud-platform"]
[debug] [2024-11-26T08:00:49.849Z] > authorizing via signed-in user (lee.chanmin1@gmail.com)
[info] 
     ######## #### ########  ######## ########     ###     ######  ########
     ##        ##  ##     ## ##       ##     ##  ##   ##  ##       ##
     ######    ##  ########  ######   ########  #########  ######  ######
     ##        ##  ##    ##  ##       ##     ## ##     ##       ## ##
     ##       #### ##     ## ######## ########  ##     ##  ######  ########

You're about to initialize a Firebase project in this directory:

  C:\Users\Chanmin\my-app

Before we get started, keep in mind:

  * You are initializing within an existing Firebase project directory

[info] 
=== Project Setup
[info] 
[info] First, let's associate this project directory with a Firebase project.
[info] You can create multiple project aliases by running firebase use --add, 
[info] but for now we'll just set up a default project.
[info] 
[debug] [2024-11-26T08:00:54.494Z] Using project from CLI flag: k-beauty-retail
[debug] [2024-11-26T08:00:54.495Z] Checked if tokens are valid: true, expires at: 1732610806291
[debug] [2024-11-26T08:00:54.496Z] Checked if tokens are valid: true, expires at: 1732610806291
[debug] [2024-11-26T08:00:54.497Z] >>> [apiv2][query] GET https://firebase.googleapis.com/v1beta1/projects/k-beauty-retail [none]
[debug] [2024-11-26T08:00:54.811Z] <<< [apiv2][status] GET https://firebase.googleapis.com/v1beta1/projects/k-beauty-retail 200
[debug] [2024-11-26T08:00:54.811Z] <<< [apiv2][body] GET https://firebase.googleapis.com/v1beta1/projects/k-beauty-retail {"projectId":"k-beauty-retail","projectNumber":"21957280571","displayName":"k-beauty-retail","name":"projects/k-beauty-retail","resources":{"hostingSite":"k-beauty-retail"},"state":"ACTIVE","etag":"1_761169c6-741d-459a-b445-1029b8680ae9"}
[info] i  Using project k-beauty-retail (k-beauty-retail) 
[info] 
=== Hosting Setup
[debug] [2024-11-26T08:00:54.818Z] Checked if tokens are valid: true, expires at: 1732610806291
[debug] [2024-11-26T08:00:54.818Z] Checked if tokens are valid: true, expires at: 1732610806291
[debug] [2024-11-26T08:00:54.818Z] >>> [apiv2][query] GET https://firebase.googleapis.com/v1beta1/projects/k-beauty-retail [none]
[debug] [2024-11-26T08:00:55.038Z] <<< [apiv2][status] GET https://firebase.googleapis.com/v1beta1/projects/k-beauty-retail 200
[debug] [2024-11-26T08:00:55.038Z] <<< [apiv2][body] GET https://firebase.googleapis.com/v1beta1/projects/k-beauty-retail {"projectId":"k-beauty-retail","projectNumber":"21957280571","displayName":"k-beauty-retail","name":"projects/k-beauty-retail","resources":{"hostingSite":"k-beauty-retail"},"state":"ACTIVE","etag":"1_761169c6-741d-459a-b445-1029b8680ae9"}
[info] 
[info] Your public directory is the folder (relative to your project directory) that
[info] will contain Hosting assets to be uploaded with firebase deploy. If you
[info] have a build process for your assets, use your build's output directory.
[info] 
